__main__: DEBUG - 01-Jul-20 18:48:56 - mqtt config: {'host': 'localhost', 'port': 1883, 'topic': 'rawmessage1'}
misc config: {'interval_ms': 1000, 'verbose': False}
data config: {'file_path': './../RUL_prediction/data/PM_test.txt', 'columns': 'unit,cycles,op_setting1,op_setting2,op_setting3,s1,s2,s3,s4,s5,s6,s7,s8,s9,s10,s11,s12,s13,s14,s15,s16,s17,s18,s19,s20,s21'}
__main__: DEBUG - 01-Jul-20 18:49:55 - mqtt config: {'host': 'localhost', 'port': 1883, 'topic': 'rawmessage1'}
misc config: {'interval_ms': 1000, 'verbose': False}
data config: {'file_path': './../data/PM_test.txt', 'columns': 'unit,cycles,op_setting1,op_setting2,op_setting3,s1,s2,s3,s4,s5,s6,s7,s8,s9,s10,s11,s12,s13,s14,s15,s16,s17,s18,s19,s20,s21'}
__main__: DEBUG - 02-Jul-20 11:26:43 - mqtt config: {'host': 'localhost', 'port': 1883, 'topic': 'rawmessage1'}
misc config: {'interval_ms': 1000, 'verbose': False}
data config: {'file_path': './../data/PM_test.txt', 'columns': 'unit,cycles,op_setting1,op_setting2,op_setting3,s1,s2,s3,s4,s5,s6,s7,s8,s9,s10,s11,s12,s13,s14,s15,s16,s17,s18,s19,s20,s21'}
__main__: DEBUG - 02-Jul-20 11:32:10 - mqtt config: {'host': 'localhost', 'port': 1883, 'topic': 'rawmessage1'}
misc config: {'interval_ms': 1000, 'verbose': False}
data config: {'file_path': './../data/PM_test.txt', 'columns': 'unit,cycles,op_setting1,op_setting2,op_setting3,s1,s2,s3,s4,s5,s6,s7,s8,s9,s10,s11,s12,s13,s14,s15,s16,s17,s18,s19,s20,s21'}
__main__: DEBUG - 02-Jul-20 11:39:55 - mqtt config: {'host': 'localhost', 'port': 1883, 'topic': 'rawmessage1'}
misc config: {'interval_ms': 1000, 'verbose': False}
data config: {'file_path': './../data/PM_test.txt', 'columns': 'unit,cycles,op_setting1,op_setting2,op_setting3,s1,s2,s3,s4,s5,s6,s7,s8,s9,s10,s11,s12,s13,s14,s15,s16,s17,s18,s19,s20,s21'}
__main__: DEBUG - 02-Jul-20 11:41:16 - mqtt config: {'host': 'localhost', 'port': 1883, 'topic': 'rawmessage1'}
misc config: {'interval_ms': 1000, 'verbose': False}
data config: {'file_path': './../data/PM_test.txt', 'columns': 'unit,cycles,op_setting1,op_setting2,op_setting3,s1,s2,s3,s4,s5,s6,s7,s8,s9,s10,s11,s12,s13,s14,s15,s16,s17,s18,s19,s20,s21'}
__main__: DEBUG - 02-Jul-20 11:42:21 - mqtt config: {'host': 'localhost', 'port': 1883, 'topic': 'rawmessage1'}
misc config: {'interval_ms': 1000, 'verbose': False}
data config: {'file_path': './../data/PM_test.txt', 'columns': 'unit,cycles,op_setting1,op_setting2,op_setting3,s1,s2,s3,s4,s5,s6,s7,s8,s9,s10,s11,s12,s13,s14,s15,s16,s17,s18,s19,s20,s21'}
__main__: DEBUG - 02-Jul-20 11:43:33 - mqtt config: {'host': 'localhost', 'port': 1883, 'topic': 'rawmessage1'}
misc config: {'interval_ms': 1000, 'verbose': False}
data config: {'file_path': './../data/PM_test.txt', 'columns': 'unit,cycles,op_setting1,op_setting2,op_setting3,s1,s2,s3,s4,s5,s6,s7,s8,s9,s10,s11,s12,s13,s14,s15,s16,s17,s18,s19,s20,s21'}
__main__: DEBUG - 02-Jul-20 11:45:27 - mqtt config: {'host': 'localhost', 'port': 1883, 'topic': 'rawmessage1'}
misc config: {'interval_ms': 1000, 'verbose': False}
data config: {'file_path': './../data/PM_test.txt', 'columns': 'unit,cycles,op_setting1,op_setting2,op_setting3,s1,s2,s3,s4,s5,s6,s7,s8,s9,s10,s11,s12,s13,s14,s15,s16,s17,s18,s19,s20,s21'}
__main__: DEBUG - 02-Jul-20 11:45:53 - mqtt config: {'host': 'localhost', 'port': 1883, 'topic': 'rawmessage1'}
misc config: {'interval_ms': 1000, 'verbose': False}
data config: {'file_path': './../data/PM_test.txt', 'columns': 'unit,cycles,op_setting1,op_setting2,op_setting3,s1,s2,s3,s4,s5,s6,s7,s8,s9,s10,s11,s12,s13,s14,s15,s16,s17,s18,s19,s20,s21'}
__main__: DEBUG - 02-Jul-20 11:48:13 - mqtt config: {'host': 'localhost', 'port': 1883, 'topic': 'rawmessage1'}
misc config: {'interval_ms': 1000, 'verbose': False}
data config: {'file_path': './../data/PM_test.txt', 'columns': 'unit,cycles,op_setting1,op_setting2,op_setting3,s1,s2,s3,s4,s5,s6,s7,s8,s9,s10,s11,s12,s13,s14,s15,s16,s17,s18,s19,s20,s21'}
__main__: DEBUG - 02-Jul-20 11:48:57 - mqtt config: {'host': 'localhost', 'port': 1883, 'topic': 'rawmessage1'}
misc config: {'interval_ms': 5000, 'verbose': False}
data config: {'file_path': './../data/PM_test.txt', 'columns': 'unit,cycles,op_setting1,op_setting2,op_setting3,s1,s2,s3,s4,s5,s6,s7,s8,s9,s10,s11,s12,s13,s14,s15,s16,s17,s18,s19,s20,s21'}
__main__: DEBUG - 02-Jul-20 12:15:01 - mqtt config: {'host': 'localhost', 'port': 1883, 'topic': 'rawmessage1'}
misc config: {'interval_ms': 5000, 'verbose': False}
data config: {'file_path': './../data/PM_test.txt', 'columns': 'unit,cycles,op_setting1,op_setting2,op_setting3,s1,s2,s3,s4,s5,s6,s7,s8,s9,s10,s11,s12,s13,s14,s15,s16,s17,s18,s19,s20,s21'}
__main__: DEBUG - 02-Jul-20 12:26:33 - mqtt config: {'host': 'localhost', 'port': 1883, 'topic': 'rawmessage1'}
misc config: {'interval_ms': 5000, 'verbose': False}
data config: {'file_path': './../data/PM_test.txt', 'columns': 'unit,cycles,op_setting1,op_setting2,op_setting3,s1,s2,s3,s4,s5,s6,s7,s8,s9,s10,s11,s12,s13,s14,s15,s16,s17,s18,s19,s20,s21'}
__main__: DEBUG - 02-Jul-20 12:28:03 - mqtt config: {'host': 'localhost', 'port': 1883, 'topic': 'rawmessage1'}
misc config: {'interval_ms': 5000, 'verbose': False}
data config: {'file_path': './../data/PM_test.txt', 'columns': 'unit,cycles,op_setting1,op_setting2,op_setting3,s1,s2,s3,s4,s5,s6,s7,s8,s9,s10,s11,s12,s13,s14,s15,s16,s17,s18,s19,s20,s21'}
__main__: DEBUG - 02-Jul-20 12:29:48 - mqtt config: {'host': 'localhost', 'port': 1883, 'topic': 'rawmessage1'}
misc config: {'interval_ms': 5000, 'verbose': False}
data config: {'file_path': './../data/PM_test.txt', 'columns': 'unit,cycles,op_setting1,op_setting2,op_setting3,s1,s2,s3,s4,s5,s6,s7,s8,s9,s10,s11,s12,s13,s14,s15,s16,s17,s18,s19,s20,s21'}
__main__: DEBUG - 02-Jul-20 12:50:44 - mqtt config: {'host': 'localhost', 'port': 1883, 'topic': 'rawmessage1'}
misc config: {'interval_ms': 5000, 'verbose': False}
data config: {'file_path': './../data/PM_test.txt', 'columns': 'unit,cycles,op_setting1,op_setting2,op_setting3,s1,s2,s3,s4,s5,s6,s7,s8,s9,s10,s11,s12,s13,s14,s15,s16,s17,s18,s19,s20,s21'}
__main__: DEBUG - 02-Jul-20 13:43:52 - mqtt config: {'host': 'localhost', 'port': 1883, 'topic': 'rawmessage1'}
misc config: {'interval_ms': 5000, 'verbose': False}
data config: {'file_path': './../data/PM_test.txt', 'columns': 'unit,cycles,op_setting1,op_setting2,op_setting3,s1,s2,s3,s4,s5,s6,s7,s8,s9,s10,s11,s12,s13,s14,s15,s16,s17,s18,s19,s20,s21'}
__main__: DEBUG - 02-Jul-20 15:45:50 - mqtt config: {'host': 'localhost', 'port': 1883, 'topic': 'rawmessage1'}
misc config: {'interval_ms': 5000, 'verbose': False}
data config: {'file_path': './../data/PM_test.txt', 'columns': 'unit,cycles,op_setting1,op_setting2,op_setting3,s1,s2,s3,s4,s5,s6,s7,s8,s9,s10,s11,s12,s13,s14,s15,s16,s17,s18,s19,s20,s21'}
__main__: DEBUG - 02-Jul-20 15:46:09 - mqtt config: {'host': 'localhost', 'port': 1883, 'topic': 'rawmessage1'}
misc config: {'interval_ms': 5000, 'verbose': False}
data config: {'file_path': './../data/PM_test.txt', 'columns': 'unit,cycles,op_setting1,op_setting2,op_setting3,s1,s2,s3,s4,s5,s6,s7,s8,s9,s10,s11,s12,s13,s14,s15,s16,s17,s18,s19,s20,s21'}
__main__: DEBUG - 03-Jul-20 11:40:09 - mqtt config: {'host': 'localhost', 'port': 1883, 'topic': 'rawmessage1'}
misc config: {'interval_ms': 5000, 'verbose': False}
data config: {'file_path': './../data/PM_test.txt', 'columns': 'unit,cycles,op_setting1,op_setting2,op_setting3,s1,s2,s3,s4,s5,s6,s7,s8,s9,s10,s11,s12,s13,s14,s15,s16,s17,s18,s19,s20,s21'}
__main__: DEBUG - 03-Jul-20 11:47:04 - mqtt config: {'host': 'localhost', 'port': 1883, 'topic': 'rawmessage1'}
misc config: {'interval_ms': 5000, 'verbose': False}
data config: {'file_path': './../data/PM_test.txt', 'columns': 'unit,cycles,op_setting1,op_setting2,op_setting3,s1,s2,s3,s4,s5,s6,s7,s8,s9,s10,s11,s12,s13,s14,s15,s16,s17,s18,s19,s20,s21'}
__main__: DEBUG - 16-Jul-20 15:16:07 - mqtt config: {'host': 'localhost', 'port': 1883, 'topic': 'rawmessage1'}
misc config: {'interval_ms': 5000, 'verbose': False}
data config: {'file_path': './../data/PM_test.txt', 'columns': 'unit,cycles,op_setting1,op_setting2,op_setting3,s1,s2,s3,s4,s5,s6,s7,s8,s9,s10,s11,s12,s13,s14,s15,s16,s17,s18,s19,s20,s21'}
__main__: DEBUG - 16-Jul-20 15:17:53 - mqtt config: {'host': 'localhost', 'port': 1883, 'topic': 'rawmessage1'}
misc config: {'interval_ms': 5000, 'verbose': False}
data config: {'file_path': './../data/PM_test.txt', 'columns': 'unit,cycles,op_setting1,op_setting2,op_setting3,s1,s2,s3,s4,s5,s6,s7,s8,s9,s10,s11,s12,s13,s14,s15,s16,s17,s18,s19,s20,s21'}
__main__: DEBUG - 16-Jul-20 15:20:49 - mqtt config: {'host': 'localhost', 'port': 1883, 'topic': 'rawmessage1'}
misc config: {'interval_ms': 5000, 'verbose': False}
data config: {'file_path': './../data/PM_test.txt', 'columns': 'unit,cycles,op_setting1,op_setting2,op_setting3,s1,s2,s3,s4,s5,s6,s7,s8,s9,s10,s11,s12,s13,s14,s15,s16,s17,s18,s19,s20,s21'}
__main__: DEBUG - 16-Jul-20 15:31:17 - mqtt config: {'host': 'localhost', 'port': 1883, 'topic': 'rawmessage1'}
misc config: {'interval_ms': 5000, 'verbose': False}
data config: {'file_path': './../data/PM_test.txt', 'columns': 'unit,cycles,op_setting1,op_setting2,op_setting3,s1,s2,s3,s4,s5,s6,s7,s8,s9,s10,s11,s12,s13,s14,s15,s16,s17,s18,s19,s20,s21'}
__main__: DEBUG - 16-Jul-20 15:36:22 - mqtt config: {'host': 'localhost', 'port': 1883, 'topic': 'rawmessage1'}
misc config: {'interval_ms': 5000, 'verbose': False}
data config: {'file_path': './../data/PM_test.txt', 'columns': 'unit,cycles,op_setting1,op_setting2,op_setting3,s1,s2,s3,s4,s5,s6,s7,s8,s9,s10,s11,s12,s13,s14,s15,s16,s17,s18,s19,s20,s21'}
__main__: DEBUG - 21-Jul-20 20:04:32 - mqtt config: {'host': 'localhost', 'port': 1883, 'topic': 'rawmessage1'}
misc config: {'interval_ms': 5000, 'verbose': False}
data config: {'file_path': './../data/PM_test.txt', 'columns': 'unit,cycles,op_setting1,op_setting2,op_setting3,s1,s2,s3,s4,s5,s6,s7,s8,s9,s10,s11,s12,s13,s14,s15,s16,s17,s18,s19,s20,s21'}
__main__: DEBUG - 21-Jul-20 20:12:43 - mqtt config: {'host': 'localhost', 'port': 1883, 'topic': 'rawmessage1'}
misc config: {'interval_ms': 5000, 'verbose': False}
data config: {'file_path1': './../data/PM_test.txt', 'file_path2': './../data/PM_truth.txt', 'columns': 'unit,cycles,op_setting1,op_setting2,op_setting3,s1,s2,s3,s4,s5,s6,s7,s8,s9,s10,s11,s12,s13,s14,s15,s16,s17,s18,s19,s20,s21'}
__main__: DEBUG - 21-Jul-20 21:27:33 - mqtt config: {'host': 'localhost', 'port': 1883, 'topic': 'rawmessage1'}
misc config: {'interval_ms': 5000, 'verbose': False}
data config: {'file_path1': './../data/PM_test.txt', 'file_path2': './../data/PM_truth.txt', 'columns': 'unit,cycles,op_setting1,op_setting2,op_setting3,s1,s2,s3,s4,s5,s6,s7,s8,s9,s10,s11,s12,s13,s14,s15,s16,s17,s18,s19,s20,s21'}
__main__: DEBUG - 21-Jul-20 21:55:01 - mqtt config: {'host': 'localhost', 'port': 1883, 'topic': 'rawmessage1'}
misc config: {'interval_ms': 5000, 'verbose': False}
data config: {'file_path1': './../data/PM_test.txt', 'file_path2': './../data/PM_truth.txt', 'columns': 'unit,cycles,op_setting1,op_setting2,op_setting3,s1,s2,s3,s4,s5,s6,s7,s8,s9,s10,s11,s12,s13,s14,s15,s16,s17,s18,s19,s20,s21'}
__main__: DEBUG - 21-Jul-20 23:02:28 - mqtt config: {'host': 'localhost', 'port': 1883, 'topic': 'rawmessage1'}
misc config: {'interval_ms': 5000, 'verbose': False}
data config: {'file_path1': './../data/PM_test.txt', 'file_path2': './../data/PM_truth.txt', 'columns': 'unit,cycles,op_setting1,op_setting2,op_setting3,s1,s2,s3,s4,s5,s6,s7,s8,s9,s10,s11,s12,s13,s14,s15,s16,s17,s18,s19,s20,s21'}
__main__: DEBUG - 21-Jul-20 23:07:05 - mqtt config: {'host': 'localhost', 'port': 1883, 'topic': 'rawmessage1'}
misc config: {'interval_ms': 5000, 'verbose': False}
data config: {'file_path1': './../data/PM_test.txt', 'file_path2': './../data/PM_truth.txt', 'columns': 'unit,cycles,op_setting1,op_setting2,op_setting3,s1,s2,s3,s4,s5,s6,s7,s8,s9,s10,s11,s12,s13,s14,s15,s16,s17,s18,s19,s20,s21'}
__main__: DEBUG - 21-Jul-20 23:16:42 - mqtt config: {'host': 'localhost', 'port': 1883, 'topic': 'rawmessage1'}
misc config: {'interval_ms': 5000, 'verbose': False}
data config: {'file_path1': './../data/PM_test.txt', 'file_path2': './../data/PM_truth.txt', 'columns': 'unit,cycles,op_setting1,op_setting2,op_setting3,s1,s2,s3,s4,s5,s6,s7,s8,s9,s10,s11,s12,s13,s14,s15,s16,s17,s18,s19,s20,s21'}
__main__: DEBUG - 22-Jul-20 00:03:50 - mqtt config: {'host': 'localhost', 'port': 1883, 'topic': 'rawmessage1'}
misc config: {'interval_ms': 5000, 'verbose': False}
data config: {'file_path1': './../data/PM_test.txt', 'file_path2': './../data/PM_truth.txt', 'columns': 'unit,cycles,op_setting1,op_setting2,op_setting3,s1,s2,s3,s4,s5,s6,s7,s8,s9,s10,s11,s12,s13,s14,s15,s16,s17,s18,s19,s20,s21'}
__main__: DEBUG - 26-Jul-20 16:37:17 - mqtt config: {'host': 'localhost', 'port': 1883, 'topic': 'rawmessage1'}
misc config: {'interval_ms': 5000, 'verbose': False}
data config: {'file_path1': './../data/PM_test.txt', 'file_path2': './../data/PM_truth.txt', 'columns': 'unit,cycles,op_setting1,op_setting2,op_setting3,s1,s2,s3,s4,s5,s6,s7,s8,s9,s10,s11,s12,s13,s14,s15,s16,s17,s18,s19,s20,s21'}
__main__: DEBUG - 26-Jul-20 16:58:51 - mqtt config: {'host': 'localhost', 'port': 1883, 'topic': 'rawmessage1'}
misc config: {'interval_ms': 5000, 'verbose': False}
data config: {'file_path1': './../data/PM_test.txt', 'file_path2': './../data/PM_truth.txt', 'columns': 'unit,cycles,op_setting1,op_setting2,op_setting3,s1,s2,s3,s4,s5,s6,s7,s8,s9,s10,s11,s12,s13,s14,s15,s16,s17,s18,s19,s20,s21'}
__main__: DEBUG - 26-Jul-20 17:00:52 - http config: {'host': '127.0.0.1', 'port': 8083, 'token': '5Ywk3eeSpXtYhsA0Dzuu'}
misc config: {'interval_ms': 5000, 'verbose': False}
data config: {'file_path1': './../data/PM_test.txt', 'file_path2': './../data/PM_truth.txt', 'columns': 'unit,cycles,op_setting1,op_setting2,op_setting3,s1,s2,s3,s4,s5,s6,s7,s8,s9,s10,s11,s12,s13,s14,s15,s16,s17,s18,s19,s20,s21'}
__main__: DEBUG - 26-Jul-20 17:01:35 - http config: {'host': '127.0.0.1', 'port': 8083, 'token': '5Ywk3eeSpXtYhsA0Dzuu'}
misc config: {'interval_ms': 5000, 'verbose': False}
data config: {'file_path1': './../data/PM_test.txt', 'file_path2': './../data/PM_truth.txt', 'columns': 'unit,cycles,op_setting1,op_setting2,op_setting3,s1,s2,s3,s4,s5,s6,s7,s8,s9,s10,s11,s12,s13,s14,s15,s16,s17,s18,s19,s20,s21'}
__main__: DEBUG - 26-Jul-20 17:45:50 - http config: {'host': '127.0.0.1', 'port': 8083, 'token': '5Ywk3eeSpXtYhsA0Dzuu'}
misc config: {'interval_ms': 5000, 'verbose': False}
data config: {'file_path1': './../data/PM_test.txt', 'file_path2': './../data/PM_truth.txt', 'columns': 'unit,cycles,op_setting1,op_setting2,op_setting3,s1,s2,s3,s4,s5,s6,s7,s8,s9,s10,s11,s12,s13,s14,s15,s16,s17,s18,s19,s20,s21'}
__main__: DEBUG - 26-Jul-20 19:05:52 - http config: {'host': '127.0.0.1', 'port': 8083, 'token': '5Ywk3eeSpXtYhsA0Dzuu'}
misc config: {'interval_ms': 5000, 'verbose': False}
data config: {'file_path1': './../data/PM_test.txt', 'file_path2': './../data/PM_truth.txt', 'columns': 'unit,cycles,op_setting1,op_setting2,op_setting3,s1,s2,s3,s4,s5,s6,s7,s8,s9,s10,s11,s12,s13,s14,s15,s16,s17,s18,s19,s20,s21'}
__main__: DEBUG - 26-Jul-20 19:08:56 - mqtt config: {'host': 'localhost', 'port': 1883, 'topic': 'rawmessage1'}
misc config: {'interval_ms': 5000, 'verbose': False}
data config: {'file_path1': './../data/PM_test.txt', 'file_path2': './../data/PM_truth.txt', 'columns': 'unit,cycles,op_setting1,op_setting2,op_setting3,s1,s2,s3,s4,s5,s6,s7,s8,s9,s10,s11,s12,s13,s14,s15,s16,s17,s18,s19,s20,s21'}
__main__: DEBUG - 26-Jul-20 21:16:24 - mqtt config: {'host': 'localhost', 'port': 1883, 'topic': 'rawmessage1'}
misc config: {'interval_ms': 5000, 'verbose': False}
data config: {'file_path1': './../data/PM_test.txt', 'file_path2': './../data/PM_truth.txt', 'columns': 'unit,cycles,op_setting1,op_setting2,op_setting3,s1,s2,s3,s4,s5,s6,s7,s8,s9,s10,s11,s12,s13,s14,s15,s16,s17,s18,s19,s20,s21'}
__main__: DEBUG - 26-Jul-20 21:22:27 - mqtt config: {'host': 'localhost', 'port': 1883, 'topic': 'rawmessage1'}
misc config: {'interval_ms': 5000, 'verbose': False}
data config: {'file_path1': './../data/PM_test.txt', 'file_path2': './../data/PM_truth.txt', 'columns': 'unit,cycles,op_setting1,op_setting2,op_setting3,s1,s2,s3,s4,s5,s6,s7,s8,s9,s10,s11,s12,s13,s14,s15,s16,s17,s18,s19,s20,s21'}
__main__: DEBUG - 26-Jul-20 21:26:11 - mqtt config: {'host': 'localhost', 'port': 1883, 'topic': 'rawmessage1'}
misc config: {'interval_ms': 5000, 'verbose': False}
data config: {'file_path1': './../data/PM_test.txt', 'file_path2': './../data/PM_truth.txt', 'columns': 'unit,cycles,op_setting1,op_setting2,op_setting3,s1,s2,s3,s4,s5,s6,s7,s8,s9,s10,s11,s12,s13,s14,s15,s16,s17,s18,s19,s20,s21'}
__main__: DEBUG - 26-Jul-20 21:45:30 - mqtt config: {'host': 'localhost', 'port': 1883, 'topic': 'rawmessage1'}
misc config: {'interval_ms': 5000, 'verbose': False}
data config: {'file_path1': './../data/PM_test.txt', 'file_path2': './../data/PM_truth.txt', 'columns': 'unit,cycles,op_setting1,op_setting2,op_setting3,s1,s2,s3,s4,s5,s6,s7,s8,s9,s10,s11,s12,s13,s14,s15,s16,s17,s18,s19,s20,s21'}
__main__: DEBUG - 26-Jul-20 23:09:33 - mqtt config: {'host': 'localhost', 'port': 1883, 'topic': 'rawmessage1'}
misc config: {'interval_ms': 5000, 'verbose': False}
data config: {'file_path1': './../data/PM_test.txt', 'file_path2': './../data/PM_truth.txt', 'columns': 'unit,cycles,op_setting1,op_setting2,op_setting3,s1,s2,s3,s4,s5,s6,s7,s8,s9,s10,s11,s12,s13,s14,s15,s16,s17,s18,s19,s20,s21'}
__main__: DEBUG - 29-Jul-20 10:06:55 - mqtt config: {'host': 'localhost', 'port': 1883, 'topic': 'rawmessage1'}
misc config: {'interval_ms': 5000, 'verbose': False}
data config: {'file_path1': './../data/PM_test.txt', 'file_path2': './../data/PM_truth.txt', 'columns': 'unit,cycles,op_setting1,op_setting2,op_setting3,s1,s2,s3,s4,s5,s6,s7,s8,s9,s10,s11,s12,s13,s14,s15,s16,s17,s18,s19,s20,s21'}
__main__: DEBUG - 29-Jul-20 13:42:02 - mqtt config: {'host': 'localhost', 'port': 1883, 'topic': 'rawmessage1'}
misc config: {'interval_ms': 5000, 'verbose': False}
data config: {'file_path1': './../data/PM_test.txt', 'file_path2': './../data/PM_truth.txt', 'columns': 'unit,cycles,op_setting1,op_setting2,op_setting3,s1,s2,s3,s4,s5,s6,s7,s8,s9,s10,s11,s12,s13,s14,s15,s16,s17,s18,s19,s20,s21'}
__main__: DEBUG - 29-Jul-20 13:47:01 - mqtt config: {'host': 'localhost', 'port': 1883, 'topic': 'rawmessage1'}
misc config: {'interval_ms': 5000, 'verbose': False}
data config: {'file_path1': './../data/PM_test.txt', 'file_path2': './../data/PM_truth.txt', 'columns': 'unit,cycles,op_setting1,op_setting2,op_setting3,s1,s2,s3,s4,s5,s6,s7,s8,s9,s10,s11,s12,s13,s14,s15,s16,s17,s18,s19,s20,s21'}
__main__: DEBUG - 29-Jul-20 14:01:56 - http config: {'host': '127.0.0.1', 'port': 8083, 'token': '5Ywk3eeSpXtYhsA0Dzuu'}
misc config: {'interval_ms': 5000, 'verbose': False}
data config: {'file_path1': './../data/PM_test.txt', 'file_path2': './../data/PM_truth.txt', 'columns': 'unit,cycles,op_setting1,op_setting2,op_setting3,s1,s2,s3,s4,s5,s6,s7,s8,s9,s10,s11,s12,s13,s14,s15,s16,s17,s18,s19,s20,s21'}
__main__: DEBUG - 29-Jul-20 20:13:17 - http config: {'host': '127.0.0.1', 'port': 8083, 'token': '5Ywk3eeSpXtYhsA0Dzuu'}
misc config: {'interval_ms': 5000, 'verbose': False}
data config: {'file_path1': './../data/PM_test.txt', 'file_path2': './../data/PM_truth.txt', 'columns': 'unit,cycles,op_setting1,op_setting2,op_setting3,s1,s2,s3,s4,s5,s6,s7,s8,s9,s10,s11,s12,s13,s14,s15,s16,s17,s18,s19,s20,s21'}
__main__: DEBUG - 29-Jul-20 22:41:00 - http config: {'host': '127.0.0.1', 'port': 8083, 'token': '5Ywk3eeSpXtYhsA0Dzuu'}
misc config: {'interval_ms': 5000, 'verbose': False}
data config: {'file_path1': './../data/PM_test.txt', 'file_path2': './../data/PM_truth.txt', 'columns': 'unit,cycles,op_setting1,op_setting2,op_setting3,s1,s2,s3,s4,s5,s6,s7,s8,s9,s10,s11,s12,s13,s14,s15,s16,s17,s18,s19,s20,s21'}
__main__: DEBUG - 04-Aug-20 14:15:15 - http config: {'host': '127.0.0.1', 'port': 8083, 'token': '5Ywk3eeSpXtYhsA0Dzuu'}
misc config: {'interval_ms': 5000, 'verbose': False}
data config: {'file_path1': './../data/PM_test.txt', 'file_path2': './../data/PM_truth.txt', 'columns': 'unit,cycles,op_setting1,op_setting2,op_setting3,s1,s2,s3,s4,s5,s6,s7,s8,s9,s10,s11,s12,s13,s14,s15,s16,s17,s18,s19,s20,s21'}
__main__: DEBUG - 04-Aug-20 14:18:14 - http config: {'host': '127.0.0.1', 'port': 8083, 'token': '5Ywk3eeSpXtYhsA0Dzuu'}
misc config: {'interval_ms': 5000, 'verbose': False}
data config: {'file_path1': './../data/PM_test.txt', 'file_path2': './../data/PM_truth.txt', 'columns': 'unit,cycles,op_setting1,op_setting2,op_setting3,s1,s2,s3,s4,s5,s6,s7,s8,s9,s10,s11,s12,s13,s14,s15,s16,s17,s18,s19,s20,s21'}
__main__: DEBUG - 04-Aug-20 15:15:15 - http config: {'host': '127.0.0.1', 'port': 8083, 'token': '5Ywk3eeSpXtYhsA0Dzuu'}
misc config: {'interval_ms': 5000, 'verbose': False}
data config: {'file_path1': './../data/PM_test.txt', 'file_path2': './../data/PM_truth.txt', 'columns': 'unit,cycles,op_setting1,op_setting2,op_setting3,s1,s2,s3,s4,s5,s6,s7,s8,s9,s10,s11,s12,s13,s14,s15,s16,s17,s18,s19,s20,s21'}
__main__: DEBUG - 04-Aug-20 16:29:26 - http config: {'host': '127.0.0.1', 'port': 8083, 'token': '5Ywk3eeSpXtYhsA0Dzuu'}
misc config: {'interval_ms': 5000, 'verbose': False}
data config: {'file_path1': './../data/PM_test.txt', 'file_path2': './../data/PM_truth.txt', 'columns': 'unit,cycles,op_setting1,op_setting2,op_setting3,s1,s2,s3,s4,s5,s6,s7,s8,s9,s10,s11,s12,s13,s14,s15,s16,s17,s18,s19,s20,s21'}
__main__: DEBUG - 04-Aug-20 16:31:31 - http config: {'host': '127.0.0.1', 'port': 8083, 'token': '5Ywk3eeSpXtYhsA0Dzuu'}
misc config: {'interval_ms': 5000, 'verbose': False}
data config: {'file_path1': './../data/PM_test.txt', 'file_path2': './../data/PM_truth.txt', 'columns': 'unit,cycles,op_setting1,op_setting2,op_setting3,s1,s2,s3,s4,s5,s6,s7,s8,s9,s10,s11,s12,s13,s14,s15,s16,s17,s18,s19,s20,s21'}
__main__: DEBUG - 04-Aug-20 16:36:54 - http config: {'host': '127.0.0.1', 'port': 8083, 'token': '5Ywk3eeSpXtYhsA0Dzuu'}
misc config: {'interval_ms': 5000, 'verbose': False}
data config: {'file_path1': './../data/PM_test.txt', 'file_path2': './../data/PM_truth.txt', 'columns': 'unit,cycles,op_setting1,op_setting2,op_setting3,s1,s2,s3,s4,s5,s6,s7,s8,s9,s10,s11,s12,s13,s14,s15,s16,s17,s18,s19,s20,s21'}
__main__: DEBUG - 04-Aug-20 16:39:08 - http config: {'host': '127.0.0.1', 'port': 8083, 'token': '5Ywk3eeSpXtYhsA0Dzuu'}
misc config: {'interval_ms': 5000, 'verbose': False}
data config: {'file_path1': './../data/PM_test.txt', 'file_path2': './../data/PM_truth.txt', 'columns': 'unit,cycles,op_setting1,op_setting2,op_setting3,s1,s2,s3,s4,s5,s6,s7,s8,s9,s10,s11,s12,s13,s14,s15,s16,s17,s18,s19,s20,s21'}
__main__: DEBUG - 04-Aug-20 16:49:42 - http config: {'host': '127.0.0.1', 'port': 8083, 'token': '5Ywk3eeSpXtYhsA0Dzuu'}
misc config: {'interval_ms': 5000, 'verbose': False}
data config: {'file_path1': './../data/PM_test.txt', 'file_path2': './../data/PM_truth.txt', 'columns': 'unit,cycles,op_setting1,op_setting2,op_setting3,s1,s2,s3,s4,s5,s6,s7,s8,s9,s10,s11,s12,s13,s14,s15,s16,s17,s18,s19,s20,s21'}
__main__: DEBUG - 04-Aug-20 16:54:45 - http config: {'host': '127.0.0.1', 'port': 8083, 'token': '5Ywk3eeSpXtYhsA0Dzuu'}
misc config: {'interval_ms': 5000, 'verbose': False}
data config: {'file_path1': './../data/PM_test.txt', 'file_path2': './../data/PM_truth.txt', 'columns': 'unit,cycles,op_setting1,op_setting2,op_setting3,s1,s2,s3,s4,s5,s6,s7,s8,s9,s10,s11,s12,s13,s14,s15,s16,s17,s18,s19,s20,s21'}
__main__: DEBUG - 04-Aug-20 17:06:03 - http config: {'host': '127.0.0.1', 'port': 8083, 'token': '5Ywk3eeSpXtYhsA0Dzuu'}
misc config: {'interval_ms': 5000, 'verbose': False}
data config: {'file_path1': './../data/PM_test.txt', 'file_path2': './../data/PM_truth.txt', 'columns': 'unit,cycles,op_setting1,op_setting2,op_setting3,s1,s2,s3,s4,s5,s6,s7,s8,s9,s10,s11,s12,s13,s14,s15,s16,s17,s18,s19,s20,s21'}
__main__: DEBUG - 04-Aug-20 17:07:42 - http config: {'host': '127.0.0.1', 'port': 8083, 'token': '5Ywk3eeSpXtYhsA0Dzuu'}
misc config: {'interval_ms': 5000, 'verbose': False}
data config: {'file_path1': './../data/PM_test.txt', 'file_path2': './../data/PM_truth.txt', 'columns': 'unit,cycles,op_setting1,op_setting2,op_setting3,s1,s2,s3,s4,s5,s6,s7,s8,s9,s10,s11,s12,s13,s14,s15,s16,s17,s18,s19,s20,s21'}
__main__: DEBUG - 04-Aug-20 17:42:40 - http config: {'host': '127.0.0.1', 'port': 8083, 'token': '5Ywk3eeSpXtYhsA0Dzuu'}
misc config: {'interval_ms': 5000, 'verbose': False}
data config: {'file_path1': './../data/PM_test.txt', 'file_path2': './../data/PM_truth.txt', 'columns': 'unit,cycles,op_setting1,op_setting2,op_setting3,s1,s2,s3,s4,s5,s6,s7,s8,s9,s10,s11,s12,s13,s14,s15,s16,s17,s18,s19,s20,s21'}
__main__: DEBUG - 04-Aug-20 17:44:48 - http config: {'host': '127.0.0.1', 'port': 8083, 'token': '5Ywk3eeSpXtYhsA0Dzuu'}
misc config: {'interval_ms': 5000, 'verbose': False}
data config: {'file_path1': './../data/PM_test.txt', 'file_path2': './../data/PM_truth.txt', 'columns': 'unit,cycles,op_setting1,op_setting2,op_setting3,s1,s2,s3,s4,s5,s6,s7,s8,s9,s10,s11,s12,s13,s14,s15,s16,s17,s18,s19,s20,s21'}
__main__: DEBUG - 04-Aug-20 17:51:33 - http config: {'host': '127.0.0.1', 'port': 8083, 'token': '5Ywk3eeSpXtYhsA0Dzuu'}
misc config: {'interval_ms': 5000, 'verbose': False}
data config: {'file_path1': './../data/PM_test.txt', 'file_path2': './../data/PM_truth.txt', 'columns': 'unit,cycles,op_setting1,op_setting2,op_setting3,s1,s2,s3,s4,s5,s6,s7,s8,s9,s10,s11,s12,s13,s14,s15,s16,s17,s18,s19,s20,s21'}
__main__: DEBUG - 04-Aug-20 18:00:35 - http config: {'host': '127.0.0.1', 'port': 8083, 'token': '5Ywk3eeSpXtYhsA0Dzuu'}
misc config: {'interval_ms': 5000, 'verbose': False}
data config: {'file_path1': './../data/PM_test.txt', 'file_path2': './../data/PM_truth.txt', 'columns': 'unit,cycles,op_setting1,op_setting2,op_setting3,s1,s2,s3,s4,s5,s6,s7,s8,s9,s10,s11,s12,s13,s14,s15,s16,s17,s18,s19,s20,s21'}
__main__: DEBUG - 04-Aug-20 18:02:16 - http config: {'host': '127.0.0.1', 'port': 8083, 'token': '5Ywk3eeSpXtYhsA0Dzuu'}
misc config: {'interval_ms': 5000, 'verbose': False}
data config: {'file_path1': './../data/PM_test.txt', 'file_path2': './../data/PM_truth.txt', 'columns': 'unit,cycles,op_setting1,op_setting2,op_setting3,s1,s2,s3,s4,s5,s6,s7,s8,s9,s10,s11,s12,s13,s14,s15,s16,s17,s18,s19,s20,s21'}
__main__: DEBUG - 04-Aug-20 18:05:00 - http config: {'host': '127.0.0.1', 'port': 8083, 'token': '5Ywk3eeSpXtYhsA0Dzuu'}
misc config: {'interval_ms': 5000, 'verbose': False}
data config: {'file_path1': './../data/PM_test.txt', 'file_path2': './../data/PM_truth.txt', 'columns': 'unit,cycles,op_setting1,op_setting2,op_setting3,s1,s2,s3,s4,s5,s6,s7,s8,s9,s10,s11,s12,s13,s14,s15,s16,s17,s18,s19,s20,s21'}
__main__: DEBUG - 04-Aug-20 18:07:50 - http config: {'host': '127.0.0.1', 'port': 8083, 'token': '5Ywk3eeSpXtYhsA0Dzuu'}
misc config: {'interval_ms': 5000, 'verbose': False}
data config: {'file_path1': './../data/PM_test.txt', 'file_path2': './../data/PM_truth.txt', 'columns': 'unit,cycles,op_setting1,op_setting2,op_setting3,s1,s2,s3,s4,s5,s6,s7,s8,s9,s10,s11,s12,s13,s14,s15,s16,s17,s18,s19,s20,s21'}
__main__: DEBUG - 04-Aug-20 18:10:36 - http config: {'host': '127.0.0.1', 'port': 8083, 'token': '5Ywk3eeSpXtYhsA0Dzuu'}
misc config: {'interval_ms': 5000, 'verbose': False}
data config: {'file_path1': './../data/PM_test.txt', 'file_path2': './../data/PM_truth.txt', 'columns': 'unit,cycles,op_setting1,op_setting2,op_setting3,s1,s2,s3,s4,s5,s6,s7,s8,s9,s10,s11,s12,s13,s14,s15,s16,s17,s18,s19,s20,s21'}
